\BOOKMARK [1][-]{section*.1}{\376\377\000v\000i\000d\000e\000o\000s}{}% 1
\BOOKMARK [2][-]{section*.2}{\376\377\000r\000e\000g\000r\000e\000c\000i\000o\000n\000\040\000m\000u\000l\000t\000i\000v\000a\000r\000i\000a\000b\000l\000e}{section*.1}% 2
\BOOKMARK [2][-]{section*.3}{\376\377\000p\000a\000r\000a\000d\000o\000j\000a\000\040\000d\000e\000\040\000s\000i\000m\000p\000s\000o\000n}{section*.1}% 3
\BOOKMARK [2][-]{section*.4}{\376\377\000v\000a\000r\000i\000a\000b\000l\000e\000s\000\040\000f\000i\000c\000t\000i\000c\000i\000a\000s}{section*.1}% 4
\BOOKMARK [2][-]{section*.5}{\376\377\000a\000j\000u\000s\000t\000a\000m\000i\000e\000n\000t\000o}{section*.1}% 5
\BOOKMARK [3][-]{section*.6}{\376\377\000s\000i\000m\000u\000l\000a\000c\000i\000o\000n\000\040\0001}{section*.5}% 6
\BOOKMARK [3][-]{section*.7}{\376\377\000s\000i\000m\000u\000l\000a\000c\000i\000o\000n\000\040\0002}{section*.5}% 7
\BOOKMARK [3][-]{section*.8}{\376\377\000s\000i\000m\000u\000l\000a\000c\000i\000o\000n\000\040\0003}{section*.5}% 8
\BOOKMARK [3][-]{section*.9}{\376\377\000s\000i\000m\000u\000l\000a\000c\000i\000o\000n\000\040\0004}{section*.5}% 9
\BOOKMARK [3][-]{section*.10}{\376\377\000s\000i\000m\000u\000l\000a\000c\000i\000o\000n\000\040\0005}{section*.5}% 10
\BOOKMARK [3][-]{section*.11}{\376\377\000S\000i\000m\000u\000l\000a\000t\000i\000o\000n\000\040\0006}{section*.5}% 11
\BOOKMARK [3][-]{section*.12}{\376\377\000A\000l\000g\000u\000n\000o\000s\000\040\000p\000e\000n\000s\000a\000m\000i\000e\000n\000t\000o\000s\000\040\000f\000i\000n\000a\000l\000e\000s}{section*.5}% 12
\BOOKMARK [2][-]{section*.13}{\376\377\000r\000e\000s\000i\000d\000u\000a\000l\000s}{section*.1}% 13
\BOOKMARK [3][-]{section*.14}{\376\377\000s\000e\000l\000e\000c\000c\000i\000o\000n\000\040\000d\000e\000\040\000m\000o\000d\000e\000l\000o\000s}{section*.13}% 14
\BOOKMARK [1][-]{section*.15}{\376\377\000m\000u\000l\000t\000i\000v\000a\000r\000i\000a\000b\000l\000e\000\040\000e\000j\000e\000m\000p\000l\000o\000\040\0002\000\040\000j\000j\000j}{}% 15
\BOOKMARK [1][-]{section*.16}{\376\377\000D\000i\000a\000g\000n\000\363\000s\000t\000i\000c\000o\000\040\000y\000\040\000v\000a\000r\000i\000a\000c\000i\000\363\000n\000\040\000d\000e\000\040\000r\000e\000s\000i\000d\000u\000o\000s}{}% 16
\BOOKMARK [2][-]{section*.17}{\376\377\000d\000f\000b\000e\000t\000a}{section*.16}% 17
\BOOKMARK [2][-]{section*.18}{\376\377\000h\000a\000t\000v\000a\000l\000u\000e\000s}{section*.16}% 18
\BOOKMARK [2][-]{section*.19}{\376\377\000r\000s\000t\000a\000n\000d\000a\000r\000d}{section*.16}% 19
\BOOKMARK [2][-]{section*.20}{\376\377\000r\000s\000t\000u\000d\000e\000n\000t}{section*.16}% 20
\BOOKMARK [2][-]{section*.21}{\376\377\000c\000o\000o\000k\000s\000.\000d\000i\000s\000t\000a\000n\000c\000e\000:}{section*.16}% 21
