\BOOKMARK [1][-]{section*.2}{\376\377\000s\000h\000i\000n\000y}{}% 1
\BOOKMARK [2][-]{section*.3}{\376\377\000a\000r\000c\000h\000i\000v\000o\000s}{section*.2}% 2
\BOOKMARK [2][-]{section*.4}{\376\377\000e\000j\000e\000m\000p\000l\000o\000\040\0001}{section*.2}% 3
\BOOKMARK [2][-]{section*.5}{\376\377\000e\000j\000e\000m\000p\000l\000o\000\040\0002\000:\000\040\000a\000p\000p\000\040\000c\000o\000n\000\040\000H\000T\000M\000L}{section*.2}% 4
\BOOKMARK [2][-]{section*.6}{\376\377\000e\000j\000e\000m\000p\000l\000o\000\040\0003\000:\000\040\000A\000p\000l\000i\000c\000a\000c\000i\000\363\000n\000\040\000c\000o\000n\000\040\000e\000n\000t\000r\000a\000d\000a\000s\000\040\000y\000\040\000s\000a\000l\000i\000d\000a\000s}{section*.2}% 5
\BOOKMARK [2][-]{section*.7}{\376\377\000e\000j\000e\000m\000p\000l\000o\000\040\0004\000:\000A\000p\000l\000i\000c\000a\000c\000i\000o\000n\000e\000s\000\040\000c\000o\000n\000\040\000g\000r\000\341\000f\000i\000c\000o\000s}{section*.2}% 6
\BOOKMARK [2][-]{section*.8}{\376\377\000e\000j\000e\000m\000p\000l\000o\000\040\0005\000:\000\040\000r\000e\000a\000c\000t\000i\000v\000i\000d\000a\000d}{section*.2}% 7
\BOOKMARK [2][-]{section*.9}{\376\377\000e\000j\000e\000m\000p\000l\000o\000\040\0006\000:\000\040\000r\000e\000a\000c\000t\000i\000v\000i\000d\000a\000d\000\040\000r\000e\000t\000a\000r\000d\000a\000d\000a}{section*.2}% 8
\BOOKMARK [2][-]{section*.10}{\376\377\000e\000j\000e\000m\000p\000l\000o\000\040\0007\000:\000\040\000t\000a\000b\000s}{section*.2}% 9
\BOOKMARK [2][-]{section*.11}{\376\377\000e\000j\000e\000m\000p\000l\000o\000\040\0008\000:\000\040\000G\000r\000a\000f\000i\000c\000o\000s\000\040\000i\000n\000t\000e\000r\000a\000c\000t\000i\000v\000o\000s}{section*.2}% 10
\BOOKMARK [2][-]{section*.12}{\376\377\000C\000o\000m\000p\000a\000r\000t\000i\000r\000\040\000a\000p\000l\000i\000c\000a\000c\000i\000o\000n\000e\000s\000\040\000b\000r\000i\000l\000l\000a\000n\000t\000e\000s}{section*.2}% 11
\BOOKMARK [2][-]{section*.13}{\376\377\000M\000\341\000s\000\040\000r\000e\000c\000u\000r\000s\000o\000s\000\040\000b\000r\000i\000l\000l\000a\000n\000t\000e\000s}{section*.2}% 12
\BOOKMARK [1][-]{section*.14}{\376\377\000s\000h\000i\000n\000y\000\040\000g\000a\000d\000g\000e\000t\000s}{}% 13
\BOOKMARK [2][-]{section*.15}{\376\377\000e\000j\000e\000m\000p\000l\000o\000\040\0001\000:}{section*.14}% 14
\BOOKMARK [2][-]{section*.16}{\376\377\000e\000j\000e\000m\000p\000l\000o\000\040\0002\000:\000\040\000g\000a\000d\000g\000e\000t\000s\000\040\000c\000o\000n\000\040\000a\000r\000g\000u\000m\000e\000n\000t\000o\000s}{section*.14}% 15
\BOOKMARK [2][-]{section*.17}{\376\377\000e\000j\000e\000m\000p\000l\000o\000\040\0003\000:\000\040\000g\000a\000d\000g\000e\000t\000s\000\040\000c\000o\000n\000\040\000g\000r\000a\000f\000i\000c\000o\000s\000\040\000i\000n\000t\000e\000r\000a\000c\000t\000i\000v\000o\000s}{section*.14}% 16
\BOOKMARK [2][-]{section*.18}{\376\377\000C\000o\000n\000c\000l\000u\000s\000i\000\363\000n}{section*.14}% 17
\BOOKMARK [1][-]{section*.19}{\376\377\000G\000o\000o\000g\000l\000e\000V\000i\000s}{}% 18
\BOOKMARK [1][-]{section*.20}{\376\377\000P\000l\000o\000t\000l\000y}{}% 19
\BOOKMARK [2][-]{section*.21}{\376\377\000D\000i\000a\000g\000r\000a\000m\000a\000\040\000d\000e\000\040\000d\000i\000s\000p\000e\000r\000s\000i\000\363\000n\000\040\000b\000\341\000s\000i\000c\000o}{section*.20}% 20
